Using pre-set license
Built from '2020.3/staging' branch; Version is '2020.3.6f1 (338bb68529b2) revision 3378102'; Using compiler version '192528614'; Build Type 'Release'
OS: 'Windows 10 Pro; OS build 19042.1466; Version 2009; 64bit' Language: 'es' Physical Memory: 12192 MB
BatchMode: 1, IsHumanControllingUs: 0, StartBugReporterOnCrash: 0, Is64bit: 1, IsPro: 0

 COMMAND LINE ARGUMENTS:
C:\Users\sckro\Desktop\Proyectos\Unity\2020.3.6f1\Editor\Unity.exe
-adb2
-batchMode
-noUpm
-name
AssetImportWorker2
-projectPath
C:/Users/sckro/Desktop/Proyectos/Unity/DriveBasic
-logFile
Logs/AssetImportWorker2.log
-srvPort
26446
Successfully changed project path to: C:/Users/sckro/Desktop/Proyectos/Unity/DriveBasic
C:/Users/sckro/Desktop/Proyectos/Unity/DriveBasic
Using Asset Import Pipeline V2.
Refreshing native plugins compatible for Editor in 199.69 ms, found 1 plugins.
Preloading 0 native plugins for Editor in 0.00 ms.
Initialize engine version: 2020.3.6f1 (338bb68529b2)
[Subsystems] Discovering subsystems at path C:/Users/sckro/Desktop/Proyectos/Unity/2020.3.6f1/Editor/Data/Resources/UnitySubsystems
[Subsystems] Discovering subsystems at path C:/Users/sckro/Desktop/Proyectos/Unity/DriveBasic/Assets
GfxDevice: creating device client; threaded=0
Direct3D:
    Version:  Direct3D 11.0 [level 11.0]
    Renderer: Intel(R) HD Graphics 4000 (ID=0x166)
    Vendor:   
    VRAM:     128 MB
    Driver:   10.18.10.4425
Initialize mono
Mono path[0] = 'C:/Users/sckro/Desktop/Proyectos/Unity/2020.3.6f1/Editor/Data/Managed'
Mono path[1] = 'C:/Users/sckro/Desktop/Proyectos/Unity/2020.3.6f1/Editor/Data/MonoBleedingEdge/lib/mono/unityjit'
Mono config path = 'C:/Users/sckro/Desktop/Proyectos/Unity/2020.3.6f1/Editor/Data/MonoBleedingEdge/etc'
Using monoOptions --debugger-agent=transport=dt_socket,embedding=1,server=y,suspend=n,address=127.0.0.1:56568
Begin MonoManager ReloadAssembly
Registering precompiled unity dll's ...
Register platform support module: C:/Users/sckro/Desktop/Proyectos/Unity/2020.3.6f1/Editor/Data/PlaybackEngines/WebGLSupport/UnityEditor.WebGL.Extensions.dll
Register platform support module: C:/Users/sckro/Desktop/Proyectos/Unity/2020.3.6f1/Editor/Data/PlaybackEngines/WindowsStandaloneSupport/UnityEditor.WindowsStandalone.Extensions.dll
Registered in 0.014452 seconds.
Native extension for WindowsStandalone target not found
Native extension for WebGL target not found
Refreshing native plugins compatible for Editor in 117.72 ms, found 1 plugins.
Preloading 0 native plugins for Editor in 0.00 ms.
Mono: successfully reloaded assembly
- Completed reload, in  6.194 seconds
Platform modules already initialized, skipping
Registering precompiled user dll's ...
Registered in 0.006557 seconds.
Begin MonoManager ReloadAssembly
Native extension for WindowsStandalone target not found
Native extension for WebGL target not found
Refreshing native plugins compatible for Editor in 0.68 ms, found 1 plugins.
Preloading 0 native plugins for Editor in 0.00 ms.
Mono: successfully reloaded assembly
- Completed reload, in  9.716 seconds
Platform modules already initialized, skipping
========================================================================
Worker process is ready to serve import requests
Launched and connected shader compiler UnityShaderCompiler.exe after 0.15 seconds
Refreshing native plugins compatible for Editor in 0.70 ms, found 1 plugins.
Preloading 0 native plugins for Editor in 0.00 ms.
Unloading 1385 Unused Serialized files (Serialized files now loaded: 0)
System memory in use before: 67.5 MB.
System memory in use after: 67.6 MB.

Unloading 17 unused Assets to reduce memory usage. Loaded Objects now: 1829.
Total: 7.249500 ms (FindLiveObjects: 0.721100 ms CreateObjectMapping: 0.148900 ms MarkObjects: 6.180900 ms  DeleteObjects: 0.194600 ms)

========================================================================
Received Import Request.
  path: Assets/RaceBasic/Scripts/Guardado v2/DataSaveManager.cs
  artifactKey: Guid(c527b7d515d63934f9de03756f2caac7) Importer(815301076,1909f56bfc062723c751e8b465ee728b)
Start importing Assets/RaceBasic/Scripts/Guardado v2/DataSaveManager.cs using Guid(c527b7d515d63934f9de03756f2caac7) Importer(815301076,1909f56bfc062723c751e8b465ee728b)  -> (artifact id: 'd26b406da2f6c0b8646d7d81d56af4e8') in 0.155312 seconds
  Import took 0.168026 seconds .

========================================================================
Received Import Request.
  Time since last request: 55.173003 seconds.
  path: Assets/RaceBasic/Scripts/Guardado v2/DataSaveManager.cs
  artifactKey: Guid(c527b7d515d63934f9de03756f2caac7) Importer(815301076,1909f56bfc062723c751e8b465ee728b)
Start importing Assets/RaceBasic/Scripts/Guardado v2/DataSaveManager.cs using Guid(c527b7d515d63934f9de03756f2caac7) Importer(815301076,1909f56bfc062723c751e8b465ee728b)  -> (artifact id: '48e2e289e9aff8e53f31969be60ed072') in 0.030026 seconds
  Import took 0.050591 seconds .

========================================================================
Received Import Request.
  Time since last request: 74.967153 seconds.
  path: Assets/RaceBasic/Scripts/Guardado v2/DataSaveManager.cs
  artifactKey: Guid(c527b7d515d63934f9de03756f2caac7) Importer(815301076,1909f56bfc062723c751e8b465ee728b)
Start importing Assets/RaceBasic/Scripts/Guardado v2/DataSaveManager.cs using Guid(c527b7d515d63934f9de03756f2caac7) Importer(815301076,1909f56bfc062723c751e8b465ee728b)  -> (artifact id: 'e5d05cf52434b876bdb77723094bc812') in 0.051983 seconds
  Import took 0.082887 seconds .

========================================================================
Received Import Request.
  Time since last request: 273.229086 seconds.
  path: Assets/RaceBasic/Scripts/Guardado v2/DataSaveManager.cs
  artifactKey: Guid(c527b7d515d63934f9de03756f2caac7) Importer(815301076,1909f56bfc062723c751e8b465ee728b)
Start importing Assets/RaceBasic/Scripts/Guardado v2/DataSaveManager.cs using Guid(c527b7d515d63934f9de03756f2caac7) Importer(815301076,1909f56bfc062723c751e8b465ee728b)  -> (artifact id: 'cfddd7501aa29710cb99da0a21fe7431') in 0.029353 seconds
  Import took 0.048043 seconds .

========================================================================
Received Prepare
Registering precompiled user dll's ...
Registered in 0.003735 seconds.
Begin MonoManager ReloadAssembly
Native extension for WindowsStandalone target not found
Native extension for WebGL target not found
Refreshing native plugins compatible for Editor in 0.88 ms, found 1 plugins.
Preloading 0 native plugins for Editor in 0.00 ms.
Mono: successfully reloaded assembly
- Completed reload, in  4.149 seconds
Platform modules already initialized, skipping
Refreshing native plugins compatible for Editor in 4.88 ms, found 1 plugins.
Preloading 0 native plugins for Editor in 0.00 ms.
Unloading 1366 Unused Serialized files (Serialized files now loaded: 0)
System memory in use before: 66.2 MB.
System memory in use after: 66.3 MB.

Unloading 8 unused Assets to reduce memory usage. Loaded Objects now: 1832.
Total: 6.501700 ms (FindLiveObjects: 3.072400 ms CreateObjectMapping: 0.171000 ms MarkObjects: 3.223300 ms  DeleteObjects: 0.031700 ms)

========================================================================
Received Prepare
Registering precompiled user dll's ...
Registered in 0.015703 seconds.
Begin MonoManager ReloadAssembly
Native extension for WindowsStandalone target not found
Native extension for WebGL target not found
Refreshing native plugins compatible for Editor in 0.97 ms, found 1 plugins.
Preloading 0 native plugins for Editor in 0.00 ms.
Mono: successfully reloaded assembly
- Completed reload, in  8.388 seconds
Platform modules already initialized, skipping
Refreshing native plugins compatible for Editor in 1.18 ms, found 1 plugins.
Preloading 0 native plugins for Editor in 0.00 ms.
Unloading 1366 Unused Serialized files (Serialized files now loaded: 0)
System memory in use before: 66.2 MB.
System memory in use after: 66.3 MB.

Unloading 8 unused Assets to reduce memory usage. Loaded Objects now: 1835.
Total: 14.764300 ms (FindLiveObjects: 0.437700 ms CreateObjectMapping: 0.216600 ms MarkObjects: 14.067000 ms  DeleteObjects: 0.039300 ms)

AssetImportWorkerClient::OnTransportError - code=2 error=End of file
